/home/c1/Documents/C1_THESIS/SO34/install/MEx3/lib/python3.10/site-packages/MEx3/gazzard_gui.py
/home/c1/Documents/C1_THESIS/SO34/install/MEx3/lib/python3.10/site-packages/MEx3/__init__.py
/home/c1/Documents/C1_THESIS/SO34/install/MEx3/lib/python3.10/site-packages/MEx3/image_publisher.py
/home/c1/Documents/C1_THESIS/SO34/install/MEx3/lib/python3.10/site-packages/MEx3/image_subscriber.py
/home/c1/Documents/C1_THESIS/SO34/install/MEx3/lib/python3.10/site-packages/MEx3/gazzard_gui_v2.py
/home/c1/Documents/C1_THESIS/SO34/install/MEx3/lib/python3.10/site-packages/MEx3/__pycache__/gazzard_gui.cpython-310.pyc
/home/c1/Documents/C1_THESIS/SO34/install/MEx3/lib/python3.10/site-packages/MEx3/__pycache__/__init__.cpython-310.pyc
/home/c1/Documents/C1_THESIS/SO34/install/MEx3/lib/python3.10/site-packages/MEx3/__pycache__/image_publisher.cpython-310.pyc
/home/c1/Documents/C1_THESIS/SO34/install/MEx3/lib/python3.10/site-packages/MEx3/__pycache__/image_subscriber.cpython-310.pyc
/home/c1/Documents/C1_THESIS/SO34/install/MEx3/lib/python3.10/site-packages/MEx3/__pycache__/gazzard_gui_v2.cpython-310.pyc
/home/c1/Documents/C1_THESIS/SO34/install/MEx3/share/ament_index/resource_index/packages/MEx3
/home/c1/Documents/C1_THESIS/SO34/install/MEx3/share/MEx3/package.xml
/home/c1/Documents/C1_THESIS/SO34/install/MEx3/lib/python3.10/site-packages/MEx3-0.0.0-py3.10.egg-info/dependency_links.txt
/home/c1/Documents/C1_THESIS/SO34/install/MEx3/lib/python3.10/site-packages/MEx3-0.0.0-py3.10.egg-info/top_level.txt
/home/c1/Documents/C1_THESIS/SO34/install/MEx3/lib/python3.10/site-packages/MEx3-0.0.0-py3.10.egg-info/zip-safe
/home/c1/Documents/C1_THESIS/SO34/install/MEx3/lib/python3.10/site-packages/MEx3-0.0.0-py3.10.egg-info/entry_points.txt
/home/c1/Documents/C1_THESIS/SO34/install/MEx3/lib/python3.10/site-packages/MEx3-0.0.0-py3.10.egg-info/requires.txt
/home/c1/Documents/C1_THESIS/SO34/install/MEx3/lib/python3.10/site-packages/MEx3-0.0.0-py3.10.egg-info/SOURCES.txt
/home/c1/Documents/C1_THESIS/SO34/install/MEx3/lib/python3.10/site-packages/MEx3-0.0.0-py3.10.egg-info/PKG-INFO
/home/c1/Documents/C1_THESIS/SO34/install/MEx3/lib/MEx3/crack_image_publisher
/home/c1/Documents/C1_THESIS/SO34/install/MEx3/lib/MEx3/fake_co2_publisher
/home/c1/Documents/C1_THESIS/SO34/install/MEx3/lib/MEx3/gazzard_gui
/home/c1/Documents/C1_THESIS/SO34/install/MEx3/lib/MEx3/gazzard_gui_sam3
/home/c1/Documents/C1_THESIS/SO34/install/MEx3/lib/MEx3/gazzard_gui_v2
/home/c1/Documents/C1_THESIS/SO34/install/MEx3/lib/MEx3/image_publisher
/home/c1/Documents/C1_THESIS/SO34/install/MEx3/lib/MEx3/image_subscriber
